
> sams-app@0.1.0 lint
> eslint


C:\Users\Jerry\Desktop\PROJECT 2026\SAMS\SAMS\sams-app\src\app\(auth)\login\page.tsx
  13:1    error  This line has a length of 132. Maximum allowed is 100            max-len
  14:1    error  This line has a length of 108. Maximum allowed is 100            max-len
  27:1    error  This line has a length of 108. Maximum allowed is 100            max-len
  34:1    error  This line has a length of 159. Maximum allowed is 100            max-len
  34:29   error  `"` can be escaped with `&quot;`, `&ldquo;`, `&#34;`, `&rdquo;`  react/no-unescaped-entities
  34:159  error  `"` can be escaped with `&quot;`, `&ldquo;`, `&#34;`, `&rdquo;`  react/no-unescaped-entities
  50:1    error  This line has a length of 148. Maximum allowed is 100            max-len

C:\Users\Jerry\Desktop\PROJECT 2026\SAMS\SAMS\sams-app\src\app\(dashboard)\page.tsx
  68:1  error  This line has a length of 106. Maximum allowed is 100  max-len
  81:1  error  This line has a length of 113. Maximum allowed is 100  max-len
  82:1  error  This line has a length of 102. Maximum allowed is 100  max-len
  88:1  error  This line has a length of 119. Maximum allowed is 100  max-len
  89:1  error  This line has a length of 102. Maximum allowed is 100  max-len

C:\Users\Jerry\Desktop\PROJECT 2026\SAMS\SAMS\sams-app\src\app\(dashboard)\students\page.tsx
  24:1   error  This line has a length of 108. Maximum allowed is 100  max-len
  27:49  error  Unexpected any. Specify a different type               @typescript-eslint/no-explicit-any
  38:1   error  This line has a length of 105. Maximum allowed is 100  max-len
  57:1   error  This line has a length of 104. Maximum allowed is 100  max-len
  63:1   error  This line has a length of 104. Maximum allowed is 100  max-len
  69:1   error  This line has a length of 104. Maximum allowed is 100  max-len

C:\Users\Jerry\Desktop\PROJECT 2026\SAMS\SAMS\sams-app\src\app\(dashboard)\users\page.tsx
  25:40  error  Unexpected any. Specify a different type               @typescript-eslint/no-explicit-any
  36:1   error  This line has a length of 105. Maximum allowed is 100  max-len
  55:1   error  This line has a length of 104. Maximum allowed is 100  max-len
  61:1   error  This line has a length of 104. Maximum allowed is 100  max-len
  67:1   error  This line has a length of 104. Maximum allowed is 100  max-len

C:\Users\Jerry\Desktop\PROJECT 2026\SAMS\SAMS\sams-app\src\app\layout.tsx
  31:1  error  This line has a length of 101. Maximum allowed is 100  max-len

C:\Users\Jerry\Desktop\PROJECT 2026\SAMS\SAMS\sams-app\src\components\auth\login-form.tsx
  67:18  error  'error' is defined but never used  @typescript-eslint/no-unused-vars

C:\Users\Jerry\Desktop\PROJECT 2026\SAMS\SAMS\sams-app\src\components\layout\header.tsx
  53:1  error  This line has a length of 112. Maximum allowed is 100  max-len

C:\Users\Jerry\Desktop\PROJECT 2026\SAMS\SAMS\sams-app\src\components\layout\sidebar.tsx
   70:1  error  This line has a length of 126. Maximum allowed is 100  max-len
   83:1  error  This line has a length of 162. Maximum allowed is 100  max-len
  102:1  error  This line has a length of 162. Maximum allowed is 100  max-len

C:\Users\Jerry\Desktop\PROJECT 2026\SAMS\SAMS\sams-app\src\components\students\student-table.tsx
   93:1  error  This line has a length of 130. Maximum allowed is 100  max-len
   95:1  error  This line has a length of 133. Maximum allowed is 100  max-len
  101:1  error  This line has a length of 105. Maximum allowed is 100  max-len
  117:1  error  This line has a length of 116. Maximum allowed is 100  max-len

C:\Users\Jerry\Desktop\PROJECT 2026\SAMS\SAMS\sams-app\src\components\ui\avatar.tsx
  20:1  error  This line has a length of 139. Maximum allowed is 100  max-len
  49:1  error  This line has a length of 141. Maximum allowed is 100  max-len
  62:1  error  This line has a length of 164. Maximum allowed is 100  max-len
  78:1  error  This line has a length of 110. Maximum allowed is 100  max-len
  94:1  error  This line has a length of 355. Maximum allowed is 100  max-len

C:\Users\Jerry\Desktop\PROJECT 2026\SAMS\SAMS\sams-app\src\components\ui\badge.tsx
   8:1  error  This line has a length of 424. Maximum allowed is 100  max-len
  16:1  error  This line has a length of 163. Maximum allowed is 100  max-len

C:\Users\Jerry\Desktop\PROJECT 2026\SAMS\SAMS\sams-app\src\components\ui\button.tsx
   8:1  error  This line has a length of 448. Maximum allowed is 100  max-len
  14:1  error  This line has a length of 158. Maximum allowed is 100  max-len
  16:1  error  This line has a length of 146. Maximum allowed is 100  max-len
  25:1  error  This line has a length of 103. Maximum allowed is 100  max-len

C:\Users\Jerry\Desktop\PROJECT 2026\SAMS\SAMS\sams-app\src\components\ui\card.tsx
  23:1  error  This line has a length of 163. Maximum allowed is 100  max-len

C:\Users\Jerry\Desktop\PROJECT 2026\SAMS\SAMS\sams-app\src\components\ui\dropdown-menu.tsx
   45:1  error  This line has a length of 579. Maximum allowed is 100  max-len
   77:1  error  This line has a length of 630. Maximum allowed is 100  max-len
   95:1  error  This line has a length of 311. Maximum allowed is 100  max-len
  101:1  error  This line has a length of 102. Maximum allowed is 100  max-len
  131:1  error  This line has a length of 311. Maximum allowed is 100  max-len
  136:1  error  This line has a length of 102. Maximum allowed is 100  max-len
  214:1  error  This line has a length of 373. Maximum allowed is 100  max-len
  233:1  error  This line has a length of 504. Maximum allowed is 100  max-len

C:\Users\Jerry\Desktop\PROJECT 2026\SAMS\SAMS\sams-app\src\components\ui\input.tsx
  11:1  error  This line has a length of 453. Maximum allowed is 100  max-len
  13:1  error  This line has a length of 113. Maximum allowed is 100  max-len

C:\Users\Jerry\Desktop\PROJECT 2026\SAMS\SAMS\sams-app\src\components\ui\label.tsx
  16:1  error  This line has a length of 222. Maximum allowed is 100  max-len

C:\Users\Jerry\Desktop\PROJECT 2026\SAMS\SAMS\sams-app\src\components\ui\separator.tsx
  20:1  error  This line has a length of 169. Maximum allowed is 100  max-len

C:\Users\Jerry\Desktop\PROJECT 2026\SAMS\SAMS\sams-app\src\components\ui\sheet.tsx
  39:1  error  This line has a length of 161. Maximum allowed is 100  max-len
  63:1  error  This line has a length of 215. Maximum allowed is 100  max-len
  65:1  error  This line has a length of 143. Maximum allowed is 100  max-len
  67:1  error  This line has a length of 140. Maximum allowed is 100  max-len
  69:1  error  This line has a length of 119. Maximum allowed is 100  max-len
  71:1  error  This line has a length of 128. Maximum allowed is 100  max-len
  78:1  error  This line has a length of 279. Maximum allowed is 100  max-len

C:\Users\Jerry\Desktop\PROJECT 2026\SAMS\SAMS\sams-app\src\components\ui\table.tsx
  73:1  error  This line has a length of 157. Maximum allowed is 100  max-len
  86:1  error  This line has a length of 113. Maximum allowed is 100  max-len

C:\Users\Jerry\Desktop\PROJECT 2026\SAMS\SAMS\sams-app\src\components\ui\tooltip.tsx
  45:1  error  This line has a length of 430. Maximum allowed is 100  max-len
  51:1  error  This line has a length of 145. Maximum allowed is 100  max-len

C:\Users\Jerry\Desktop\PROJECT 2026\SAMS\SAMS\sams-app\src\components\users\user-table.tsx
    3:10  error  'useState' is defined but never used                   @typescript-eslint/no-unused-vars
   18:5   error  'DropdownMenuSeparator' is defined but never used      @typescript-eslint/no-unused-vars
  119:1   error  This line has a length of 111. Maximum allowed is 100  max-len
  124:1   error  This line has a length of 112. Maximum allowed is 100  max-len
  144:1   error  This line has a length of 102. Maximum allowed is 100  max-len

C:\Users\Jerry\Desktop\PROJECT 2026\SAMS\SAMS\sams-app\src\lib\auth.ts
  10:39  error  Unexpected any. Specify a different type  @typescript-eslint/no-explicit-any

C:\Users\Jerry\Desktop\PROJECT 2026\SAMS\SAMS\sams-app\src\lib\prisma.ts
  16:44  error  Unexpected any. Specify a different type  @typescript-eslint/no-explicit-any

C:\Users\Jerry\Desktop\PROJECT 2026\SAMS\SAMS\sams-app\src\proxy.ts
  6:1  error  This line has a length of 163. Maximum allowed is 100  max-len

Γ£û 76 problems (76 errors, 0 warnings)

